ERROR   2018-07-28 16:30:48,955 [main] com.eidiko.process.tests.BPDProcessTests  :: User Name : wasadministrator
INFO    2018-07-28 16:30:48,955 [main] com.eidiko.process.tests.BPDProcessTests  :: Password : administrator
INFO    2018-07-28 16:30:48,956 [main] com.eidiko.process.tests.BPDProcessTests  :: Handler created
INFO    2018-07-28 16:30:49,029 [main] com.eidiko.process.tests.BPDProcessTests  :: foundAuthenticationToken : false
INFO    2018-07-28 16:30:49,030 [main] com.eidiko.process.tests.BPDProcessTests  :: isUsingUserIdentityInContainer : false
INFO    2018-07-28 16:30:49,030 [main] com.eidiko.process.tests.BPDProcessTests  :: bpmClient created
INFO    2018-07-28 16:30:49,030 [main] com.eidiko.process.tests.BPDProcessTests  :: utils created
INFO    2018-07-28 16:30:49,065 [main] com.eidiko.process.tests.BPDProcessTests  :: Database Initialization
INFO    2018-07-28 16:30:49,065 [main] com.eidiko.tests.core.DBUnitTestCase  :: SEED FILES 1
INFO    2018-07-28 16:30:49,065 [main] com.eidiko.process.tests.BPDProcessTests  :: Database Initialization : getDBAaccess
INFO    2018-07-28 16:30:51,743 [main] com.eidiko.tests.core.DBUnitTestCase  :: Connection DOne org.dbunit.database.DatabaseConnection[schema=SYSTEM, connection=oracle.jdbc.driver.T4CConnection@3c09711b, super=_databaseConfig=org.dbunit.database.DatabaseConfig[, _propertyMap={http://www.dbunit.org/features/qualifiedTableNames=false, http://www.dbunit.org/properties/tableType=[Ljava.lang.String;@fe18270, http://www.dbunit.org/properties/fetchSize=100, http://www.dbunit.org/properties/batchSize=100, http://www.dbunit.org/properties/statementFactory=org.dbunit.database.statement.PreparedStatementFactory@6fb0d3ed, http://www.dbunit.org/properties/resultSetTableFactory=org.dbunit.database.CachedResultSetTableFactory@6dde5c8c, http://www.dbunit.org/features/batchedStatements=false, http://www.dbunit.org/features/datatypeWarning=true, http://www.dbunit.org/properties/escapePattern=null, http://www.dbunit.org/features/caseSensitiveTableNames=false, http://www.dbunit.org/properties/datatypeFactory=org.dbunit.dataset.datatype.DefaultDataTypeFactory[_toleratedDeltaMap=org.dbunit.dataset.datatype.ToleratedDeltaMap@5123a213], http://www.dbunit.org/properties/metadataHandler=org.dbunit.database.DefaultMetadataHandler@52525845}], _dataSet=null]
INFO    2018-07-28 16:30:51,744 [main] com.eidiko.tests.core.DBUnitTestCase  :: URL IS null? null
INFO    2018-07-28 16:30:51,745 [main] com.eidiko.process.tests.BPDProcessTests  :: Database Initialization
INFO    2018-07-28 16:30:51,775 [main] com.eidiko.process.tests.BPDProcessTests  :: Database Initialization
INFO    2018-07-28 16:30:51,775 [main] com.eidiko.tests.core.DBUnitTestCase  :: SEED FILES 1
INFO    2018-07-28 16:30:51,775 [main] com.eidiko.process.tests.BPDProcessTests  :: Database Initialization : getDBAaccess
INFO    2018-07-28 16:30:51,801 [main] com.eidiko.tests.core.DBUnitTestCase  :: Connection DOne org.dbunit.database.DatabaseConnection[schema=SYSTEM, connection=oracle.jdbc.driver.T4CConnection@5fcd892a, super=_databaseConfig=org.dbunit.database.DatabaseConfig[, _propertyMap={http://www.dbunit.org/features/qualifiedTableNames=false, http://www.dbunit.org/properties/tableType=[Ljava.lang.String;@fe18270, http://www.dbunit.org/properties/fetchSize=100, http://www.dbunit.org/properties/batchSize=100, http://www.dbunit.org/properties/statementFactory=org.dbunit.database.statement.PreparedStatementFactory@6fb0d3ed, http://www.dbunit.org/properties/resultSetTableFactory=org.dbunit.database.CachedResultSetTableFactory@6dde5c8c, http://www.dbunit.org/features/batchedStatements=false, http://www.dbunit.org/features/datatypeWarning=true, http://www.dbunit.org/properties/escapePattern=null, http://www.dbunit.org/features/caseSensitiveTableNames=false, http://www.dbunit.org/properties/datatypeFactory=org.dbunit.dataset.datatype.DefaultDataTypeFactory[_toleratedDeltaMap=org.dbunit.dataset.datatype.ToleratedDeltaMap@5123a213], http://www.dbunit.org/properties/metadataHandler=org.dbunit.database.DefaultMetadataHandler@8b87145}], _dataSet=null]
INFO    2018-07-28 16:30:51,801 [main] com.eidiko.tests.core.DBUnitTestCase  :: URL IS null? null
INFO    2018-07-28 16:30:51,802 [main] com.eidiko.process.tests.BPDProcessTests  :: Database Initialization
INFO    2018-07-28 16:30:51,831 [main] com.eidiko.process.tests.BPDProcessTests  :: Database Initialization
INFO    2018-07-28 16:30:51,831 [main] com.eidiko.tests.core.DBUnitTestCase  :: SEED FILES 1
INFO    2018-07-28 16:30:51,831 [main] com.eidiko.process.tests.BPDProcessTests  :: Database Initialization : getDBAaccess
INFO    2018-07-28 16:30:51,854 [main] com.eidiko.tests.core.DBUnitTestCase  :: Connection DOne org.dbunit.database.DatabaseConnection[schema=SYSTEM, connection=oracle.jdbc.driver.T4CConnection@73d4cc9e, super=_databaseConfig=org.dbunit.database.DatabaseConfig[, _propertyMap={http://www.dbunit.org/features/qualifiedTableNames=false, http://www.dbunit.org/properties/tableType=[Ljava.lang.String;@fe18270, http://www.dbunit.org/properties/fetchSize=100, http://www.dbunit.org/properties/batchSize=100, http://www.dbunit.org/properties/statementFactory=org.dbunit.database.statement.PreparedStatementFactory@6fb0d3ed, http://www.dbunit.org/properties/resultSetTableFactory=org.dbunit.database.CachedResultSetTableFactory@6dde5c8c, http://www.dbunit.org/features/batchedStatements=false, http://www.dbunit.org/features/datatypeWarning=true, http://www.dbunit.org/properties/escapePattern=null, http://www.dbunit.org/features/caseSensitiveTableNames=false, http://www.dbunit.org/properties/datatypeFactory=org.dbunit.dataset.datatype.DefaultDataTypeFactory[_toleratedDeltaMap=org.dbunit.dataset.datatype.ToleratedDeltaMap@5123a213], http://www.dbunit.org/properties/metadataHandler=org.dbunit.database.DefaultMetadataHandler@80169cf}], _dataSet=null]
INFO    2018-07-28 16:30:51,854 [main] com.eidiko.tests.core.DBUnitTestCase  :: URL IS null? null
INFO    2018-07-28 16:30:51,854 [main] com.eidiko.process.tests.BPDProcessTests  :: Database Initialization
